<?xml version="1.0" encoding="UTF-8"?>
<!-- Generated by org.testng.reporters.JUnitXMLReporter -->
<testsuite hostname="OPDDS-DV-PC03" name="Default test" tests="7" failures="0" timestamp="7 Jun 2017 19:26:54 GMT" time="0.035" errors="0">
  <testcase name="@BeforeTest setUpSuite" time="0.0" classname="Denticon.FrameworkAutomation.SeleniumSuite">
    <failure type="org.testng.TestNGException" message="
Parameter &amp;apos;browserType&amp;apos; is required by @Configuration on method setUpSuite but has not been marked @Optional or defined
in C:\Users\cbrahmbhatt\AppData\Local\Temp\testng-eclipse-300124562\testng-customsuite.xml">
      <![CDATA[org.testng.TestNGException: 
Parameter 'browserType' is required by @Configuration on method setUpSuite but has not been marked @Optional or defined
in C:\Users\cbrahmbhatt\AppData\Local\Temp\testng-eclipse-300124562\testng-customsuite.xml
	at org.testng.internal.Parameters.createParameters(Parameters.java:154)
	at org.testng.internal.Parameters.createParameters(Parameters.java:361)
	at org.testng.internal.Parameters.createConfigurationParameters(Parameters.java:84)
	at org.testng.internal.Invoker.invokeConfigurations(Invoker.java:201)
	at org.testng.internal.Invoker.invokeConfigurations(Invoker.java:142)
	at org.testng.TestRunner.beforeRun(TestRunner.java:656)
	at org.testng.TestRunner.run(TestRunner.java:624)
	at org.testng.SuiteRunner.runTest(SuiteRunner.java:366)
	at org.testng.SuiteRunner.runSequentially(SuiteRunner.java:361)
	at org.testng.SuiteRunner.privateRun(SuiteRunner.java:319)
	at org.testng.SuiteRunner.run(SuiteRunner.java:268)
	at org.testng.SuiteRunnerWorker.runSuite(SuiteRunnerWorker.java:52)
	at org.testng.SuiteRunnerWorker.run(SuiteRunnerWorker.java:86)
	at org.testng.TestNG.runSuitesSequentially(TestNG.java:1244)
	at org.testng.TestNG.runSuitesLocally(TestNG.java:1169)
	at org.testng.TestNG.run(TestNG.java:1064)
	at org.testng.remote.AbstractRemoteTestNG.run(AbstractRemoteTestNG.java:132)
	at org.testng.remote.RemoteTestNG.initAndRun(RemoteTestNG.java:230)
	at org.testng.remote.RemoteTestNG.main(RemoteTestNG.java:76)
]]>
    </failure>
  </testcase> <!-- @BeforeTest setUpSuite -->
  <testcase name="@AfterTest afterTest" time="0.0" classname="Denticon.FrameworkAutomation.SeleniumSuite">
    <skipped/>
  </testcase> <!-- @AfterTest afterTest -->
  <testcase name="verifyPatientChartingTab" time="0.005" classname="Denticon.FrameworkAutomation.charting.SPatientCharting">
    <skipped/>
  </testcase> <!-- verifyPatientChartingTab -->
  <testcase name="f" time="0.001" classname="Denticon.FrameworkAutomation.scheduler.FindAppointment">
    <skipped/>
  </testcase> <!-- f -->
  <testcase name="f" time="0.001" classname="Denticon.FrameworkAutomation.reporting.ViewReport">
    <skipped/>
  </testcase> <!-- f -->
  <testcase name="logout" time="0.001" classname="Denticon.FrameworkAutomation.login.Logout">
    <skipped/>
  </testcase> <!-- logout -->
  <testcase name="appointments" time="0.001" classname="Denticon.FrameworkAutomation.scheduler.AddAppointment">
    <skipped/>
  </testcase> <!-- appointments -->
  <testcase name="f" time="0.0" classname="Denticon.FrameworkAutomation.patient.AddNewPatient">
    <skipped/>
  </testcase> <!-- f -->
  <testcase name="login" time="0.001" classname="Denticon.FrameworkAutomation.login.Login">
    <skipped/>
  </testcase> <!-- login -->
</testsuite> <!-- Default test -->
