<?xml version="1.0" encoding="UTF-8"?>
<!-- Generated by org.testng.reporters.JUnitXMLReporter -->
<testsuite hostname="asus" ignored="0" name="Test" tests="1" failures="0" timestamp="12 Jun 2017 14:48:41 GMT" time="0.103" errors="0">
  <testcase name="@BeforeTest setUpSuite" time="0.0" classname="Denticon.FrameworkAutomation.SeleniumSuite">
    <failure type="org.testng.TestNGException" message="
Parameter &amp;apos;browserType&amp;apos; is required by BeforeTest on method setUpSuite but has not been marked @Optional or defined
in C:\Users\asus pc\Downloads\FrameworkAutomation\FrameworkAutomation\testng.xml">
      <![CDATA[org.testng.TestNGException: 
Parameter 'browserType' is required by BeforeTest on method setUpSuite but has not been marked @Optional or defined
in C:\Users\asus pc\Downloads\FrameworkAutomation\FrameworkAutomation\testng.xml
... Removed 20 stack frames]]>
    </failure>
  </testcase> <!-- @BeforeTest setUpSuite -->
  <testcase name="@AfterTest afterTest" time="0.0" classname="Denticon.FrameworkAutomation.SeleniumSuite">
    <skipped/>
  </testcase> <!-- @AfterTest afterTest -->
  <testcase name="f" time="0.001" classname="Denticon.FrameworkAutomation.patient.AddNewPatient">
    <skipped/>
  </testcase> <!-- f -->
</testsuite> <!-- Test -->
